<?xml version="1.0" encoding="UTF-8"?>
<!-- Generated by org.testng.reporters.JUnitReportReporter -->
<testsuite hostname="LAPTOP-UNFKF07O" failures="0" tests="3" name="api.tests.ApiTests" time="2.642" errors="0" timestamp="2024-07-29T22:01:53 CEST" skipped="0">
  <testcase classname="api.tests.ApiTests" name="testGetRequestByCountryAndPostalCode" time="1.739"/>
  <testcase classname="api.tests.ApiTests" name="testGetRequestByCountryAndPostalCode" time="0.658"/>
  <testcase classname="api.tests.ApiTests" name="testGetRequestByCountryAndPostalCode" time="0.245"/>
</testsuite> <!-- api.tests.ApiTests -->
