<?xml version="1.0" encoding="UTF-8"?>
<!-- Generated by org.testng.reporters.JUnitReportReporter -->
<testsuite hostname="LAPTOP-UNFKF07O" failures="0" tests="1" name="api.tests.ApiTests" time="2.513" errors="0" timestamp="2024-07-30T23:06:08 CEST" skipped="0">
  <testcase classname="api.tests.ApiTests" name="testGetRequestByCityAndState" time="2.513"/>
</testsuite> <!-- api.tests.ApiTests -->
