<?xml version="1.0" encoding="UTF-8"?>
<!-- Generated by org.testng.reporters.JUnitReportReporter -->
<testsuite hostname="LAPTOP-UNFKF07O" failures="0" tests="1" name="package1.httprequest" time="3.428" errors="0" timestamp="2024-07-28T17:16:16 CEST" skipped="0">
  <testcase classname="package1.httprequest" name="apiRequest" time="3.428"/>
</testsuite> <!-- package1.httprequest -->
