<?xml version="1.0" encoding="UTF-8"?>
<!-- Generated by org.testng.reporters.JUnitReportReporter -->
<testsuite hostname="LAPTOP-UNFKF07O" failures="0" tests="4" name="api.tests.ApiTests" time="2.912" errors="0" timestamp="2024-07-29T22:03:05 CEST" skipped="0">
  <testcase classname="api.tests.ApiTests" name="testGetRequestByCityAndState" time="2.177"/>
  <testcase classname="api.tests.ApiTests" name="testGetRequestByCountryAndPostalCode" time="0.240"/>
  <testcase classname="api.tests.ApiTests" name="testGetRequestByCountryAndPostalCode" time="0.246"/>
  <testcase classname="api.tests.ApiTests" name="testGetRequestByCountryAndPostalCode" time="0.249"/>
</testsuite> <!-- api.tests.ApiTests -->
