<?xml version="1.0" encoding="UTF-8"?>
<!-- Generated by org.testng.reporters.JUnitReportReporter -->
<testsuite hostname="LAPTOP-UNFKF07O" failures="0" tests="4" name="api.tests.ApiTests" time="3.161" errors="0" timestamp="2024-07-30T23:06:44 CEST" skipped="0">
  <testcase classname="api.tests.ApiTests" name="testGetRequestByCityAndState" time="2.469"/>
  <testcase classname="api.tests.ApiTests" name="testGetRequestByCountryAndPostalCode" time="0.217"/>
  <testcase classname="api.tests.ApiTests" name="testGetRequestByCountryAndPostalCode" time="0.233"/>
  <testcase classname="api.tests.ApiTests" name="testGetRequestByCountryAndPostalCode" time="0.242"/>
</testsuite> <!-- api.tests.ApiTests -->
