<?xml version="1.0" encoding="UTF-8"?>
<!-- Generated by org.testng.reporters.JUnitReportReporter -->
<testsuite hostname="LAPTOP-UNFKF07O" failures="0" tests="4" name="api.tests.ApiTests" time="2.889" errors="0" timestamp="2024-08-01T13:46:19 CEST" skipped="0">
  <testcase classname="api.tests.ApiTests" name="testGetRequestByCityAndState" time="2.246"/>
  <testcase classname="api.tests.ApiTests" name="testGetRequestByCountryAndPostalCode" time="0.206"/>
  <testcase classname="api.tests.ApiTests" name="testGetRequestByCountryAndPostalCode" time="0.211"/>
  <testcase classname="api.tests.ApiTests" name="testGetRequestByCountryAndPostalCode" time="0.226"/>
</testsuite> <!-- api.tests.ApiTests -->
