<?xml version="1.0" encoding="UTF-8"?>
<!-- Generated by org.testng.reporters.JUnitReportReporter -->
<testsuite hostname="LAPTOP-UNFKF07O" failures="0" tests="4" name="api.tests.ApiTests" time="3.816" errors="0" timestamp="2024-07-29T23:08:11 CEST" skipped="0">
  <testcase classname="api.tests.ApiTests" name="testGetRequestByCityAndState" time="2.307"/>
  <testcase classname="api.tests.ApiTests" name="testGetRequestByCountryAndPostalCode" time="0.625"/>
  <testcase classname="api.tests.ApiTests" name="testGetRequestByCountryAndPostalCode" time="0.638"/>
  <testcase classname="api.tests.ApiTests" name="testGetRequestByCountryAndPostalCode" time="0.246"/>
</testsuite> <!-- api.tests.ApiTests -->
